0 info it worked if it ends with ok
1 verbose cli [ 'node', '/usr/local/bin/npm', 'start' ]
2 info using npm@3.4.1
3 info using node@v0.12.3
4 verbose run-script [ 'prestart', 'start', 'poststart' ]
5 info lifecycle HealthWeb@0.0.0~prestart: HealthWeb@0.0.0
6 silly lifecycle HealthWeb@0.0.0~prestart: no script for prestart, continuing
7 info lifecycle HealthWeb@0.0.0~start: HealthWeb@0.0.0
8 verbose lifecycle HealthWeb@0.0.0~start: unsafe-perm in lifecycle true
9 verbose lifecycle HealthWeb@0.0.0~start: PATH: /usr/local/lib/node_modules/npm/bin/node-gyp-bin:/Users/shivtoolsidass/Desktop/Tutorials/HealthWeb/node_modules/.bin:/opt/local/bin:/opt/local/sbin:/usr/local/bin:/usr/bin:/bin:/usr/sbin:/sbin:/opt/X11/bin
10 verbose lifecycle HealthWeb@0.0.0~start: CWD: /Users/shivtoolsidass/Desktop/Tutorials/HealthWeb
11 silly lifecycle HealthWeb@0.0.0~start: Args: [ '-c', 'node ./bin/www' ]
12 silly lifecycle HealthWeb@0.0.0~start: Returned: code: 1  signal: null
13 info lifecycle HealthWeb@0.0.0~start: Failed to exec start script
14 verbose stack Error: HealthWeb@0.0.0 start: `node ./bin/www`
14 verbose stack Exit status 1
14 verbose stack     at EventEmitter.<anonymous> (/usr/local/lib/node_modules/npm/lib/utils/lifecycle.js:232:16)
14 verbose stack     at EventEmitter.emit (events.js:110:17)
14 verbose stack     at ChildProcess.<anonymous> (/usr/local/lib/node_modules/npm/lib/utils/spawn.js:24:14)
14 verbose stack     at ChildProcess.emit (events.js:110:17)
14 verbose stack     at maybeClose (child_process.js:1015:16)
14 verbose stack     at Process.ChildProcess._handle.onexit (child_process.js:1087:5)
15 verbose pkgid HealthWeb@0.0.0
16 verbose cwd /Users/shivtoolsidass/Desktop/Tutorials/HealthWeb
17 error Darwin 15.2.0
18 error argv "node" "/usr/local/bin/npm" "start"
19 error node v0.12.3
20 error npm  v3.4.1
21 error code ELIFECYCLE
22 error HealthWeb@0.0.0 start: `node ./bin/www`
22 error Exit status 1
23 error Failed at the HealthWeb@0.0.0 start script 'node ./bin/www'.
23 error Make sure you have the latest version of node.js and npm installed.
23 error If you do, this is most likely a problem with the HealthWeb package,
23 error not with npm itself.
23 error Tell the author that this fails on your system:
23 error     node ./bin/www
23 error You can get their info via:
23 error     npm owner ls HealthWeb
23 error There is likely additional logging output above.
24 verbose exit [ 1, true ]
